<?xml version="1.0" encoding="UTF-8"?>
<!-- Generated by org.testng.reporters.JUnitReportReporter -->
<testsuite skipped="1" hostname="LAPTOP-8JUUJA28" name="com.test.TestMain" tests="6" failures="0" timestamp="19 Jul 2020 14:12:16 GMT" time="33.298" errors="0">
  <testcase name="forSignIn" time="3.996" classname="com.test.TestMain"/>
  <testcase name="forSelectCategory" time="4.800" classname="com.test.TestMain"/>
  <testcase name="forSelectCloth" time="0.112" classname="com.test.TestMain"/>
  <testcase name="forPayment" time="19.266" classname="com.test.TestMain"/>
  <testcase name="forCloseDriver" time="5.124" classname="com.test.TestMain"/>
  <testcase name="forSignUp" classname="com.test.TestMain">
    <skipped/>
  </testcase> <!-- forSignUp -->
</testsuite> <!-- com.test.TestMain -->
